
┌──────────────────────────────────────────┐
│        CCE  Elo  Estimator               │
└──────────────────────────────────────────┘

[INFO]  Engine:       /home/zan/Documents/GitHub/CCE/bin/engine
[INFO]  Engine:    /home/zan/Documents/GitHub/CCE/bin/engine
[INFO]  Time control: st=0.2
[INFO]  Games/match:  1000
[INFO]  Log file:     ./eloEstimatorLogs/elo_result_20260709_061719.log

    Game 1/1000: CCE_NEW wins  {White mates}
    Game 8/1000: CCE_NEW wins  {Black mates}
    Game 10/1000: Draw  {Draw by 3-fold repetition}
    Game 6/1000: Draw  {Draw by 3-fold repetition}
    Game 2/1000: Draw  {Draw by 3-fold repetition}
    Game 3/1000: CCE_OLD wins  {Black mates}
    Game 4/1000: CCE_OLD wins  {White mates}
    Game 11/1000: Draw  {Draw by 3-fold repetition}
    Game 9/1000: CCE_OLD wins  {Black mates}
    Game 5/1000: CCE_OLD wins  {Black mates}
    Game 13/1000: CCE_NEW wins  {White mates}
    Game 14/1000: CCE_OLD wins  {White mates}
    Game 12/1000: CCE_NEW wins  {Black mates}
    Game 18/1000: Draw  {Draw by 3-fold repetition}
    Game 7/1000: Draw  {Draw by insufficient mating material}
    Game 16/1000: Draw  {Draw by 3-fold repetition}
    Game 19/1000: Draw  {Draw by 3-fold repetition}
    Game 20/1000: Draw  {Draw by 3-fold repetition}
    Game 15/1000: CCE_OLD wins  {Black mates}
    Game 17/1000: CCE_NEW wins  {White mates}
    Game 23/1000: CCE_OLD wins  {Black mates}
    Game 25/1000: Draw  {Draw by 3-fold repetition}
    Game 21/1000: CCE_OLD wins  {Black mates}
    Game 26/1000: CCE_OLD wins  {White mates}
    Game 24/1000: Draw  {Draw by insufficient mating material}
    Game 27/1000: Draw  {Draw by 3-fold repetition}
    Game 22/1000: Draw  {Draw by 3-fold repetition}
    Game 32/1000: CCE_OLD wins  {White mates}
    Game 28/1000: CCE_NEW wins  {Black mates}
    Game 34/1000: CCE_OLD wins  {White mates}
    Game 29/1000: Draw  {Draw by insufficient mating material}
    Game 35/1000: CCE_NEW wins  {White mates}
    Game 33/1000: Draw  {Draw by 3-fold repetition}
    Game 31/1000: CCE_OLD wins  {Black mates}
    Game 30/1000: CCE_OLD wins  {White mates}
    Game 39/1000: CCE_OLD wins  {Black mates}
    Game 36/1000: CCE_OLD wins  {White mates}
    Game 42/1000: Draw  {Draw by 3-fold repetition}
    Game 40/1000: CCE_NEW wins  {Black mates}
    Game 37/1000: CCE_OLD wins  {Black mates}
    Game 43/1000: CCE_NEW wins  {White mates}
    Game 38/1000: Draw  {Draw by insufficient mating material}
    Game 48/1000: CCE_OLD wins  {White mates}
    Game 51/1000: CCE_NEW wins  {White mates}
    Game 49/1000: CCE_NEW wins  {White mates}
    Game 53/1000: CCE_OLD wins  {Black mates}
    Game 45/1000: CCE_NEW wins  {White mates}
    Game 44/1000: CCE_OLD wins  {White mates}
    Game 41/1000: CCE_OLD wins  {Black mates}
    Game 47/1000: CCE_NEW wins  {White mates}
    Game 46/1000: CCE_NEW wins  {Black mates}
    Game 54/1000: CCE_NEW wins  {Black mates}
    Game 58/1000: CCE_NEW wins  {Black mates}
    Game 61/1000: CCE_NEW wins  {White mates}
    Game 52/1000: CCE_OLD wins  {White mates}
    Game 50/1000: CCE_OLD wins  {White mates}
    Game 59/1000: Draw  {Draw by 3-fold repetition}
    Game 63/1000: CCE_OLD wins  {Black mates}
    Game 57/1000: CCE_NEW wins  {White mates}
    Game 56/1000: CCE_NEW wins  {Black mates}
    Game 62/1000: CCE_OLD wins  {White mates}
    Game 66/1000: Draw  {Draw by 3-fold repetition}
    Game 67/1000: Draw  {Draw by 3-fold repetition}
    Game 55/1000: CCE_NEW wins  {White mates}
    Game 69/1000: Draw  {Draw by 3-fold repetition}
    Game 60/1000: CCE_OLD wins  {White mates}
    Game 64/1000: Draw  {Draw by 3-fold repetition}
    Game 75/1000: Draw  {Draw by 3-fold repetition}
    Game 65/1000: CCE_OLD wins  {Black mates}
    Game 68/1000: CCE_OLD wins  {White mates}
    Game 70/1000: CCE_NEW wins  {Black mates}
    Game 71/1000: CCE_NEW wins  {White mates}
    Game 73/1000: Draw  {Draw by 3-fold repetition}
    Game 74/1000: Draw  {Draw by 3-fold repetition}
    Game 78/1000: CCE_OLD wins  {White mates}
    Game 76/1000: CCE_NEW wins  {Black mates}
    Game 72/1000: CCE_NEW wins  {Black mates}
    Game 77/1000: CCE_OLD wins  {Black mates}
    Game 82/1000: CCE_OLD wins  {White mates}
    Game 83/1000: CCE_OLD wins  {Black mates}
    Game 79/1000: Draw  {Draw by 3-fold repetition}
    Game 85/1000: Draw  {Draw by 3-fold repetition}
    Game 81/1000: Draw  {Draw by 3-fold repetition}
    Game 84/1000: CCE_NEW wins  {Black mates}
    Game 80/1000: CCE_OLD wins  {White mates}
    Game 90/1000: Draw  {Draw by 3-fold repetition}
    Game 92/1000: Draw  {Draw by 3-fold repetition}
    Game 93/1000: CCE_NEW wins  {White mates}
    Game 87/1000: Draw  {Draw by 3-fold repetition}
    Game 86/1000: Draw  {Draw by 3-fold repetition}
    Game 89/1000: Draw  {Draw by 3-fold repetition}
    Game 100/1000: CCE_OLD wins  {White mates}
    Game 96/1000: CCE_OLD wins  {White mates}
    Game 98/1000: Draw  {Draw by 3-fold repetition}
    Game 88/1000: Draw  {Draw by 3-fold repetition}
    Game 97/1000: CCE_NEW wins  {White mates}
    Game 94/1000: Draw  {Draw by 3-fold repetition}
    Game 99/1000: Draw  {Draw by 3-fold repetition}
    Game 101/1000: CCE_NEW wins  {White mates}
    Game 95/1000: CCE_OLD wins  {Black mates}
    Game 102/1000: CCE_NEW wins  {Black mates}
    Game 105/1000: CCE_OLD wins  {Black mates}
    Game 103/1000: CCE_OLD wins  {Black mates}
    Game 91/1000: CCE_OLD wins  {Black mates}
    Game 106/1000: Draw  {Draw by 3-fold repetition}
    Game 111/1000: CCE_OLD wins  {Black mates}
    Game 109/1000: Draw  {Draw by 3-fold repetition}
    Game 107/1000: CCE_NEW wins  {White mates}
    Game 113/1000: Draw  {Draw by 3-fold repetition}
    Game 104/1000: CCE_NEW wins  {Black mates}
    Game 115/1000: CCE_NEW wins  {White mates}
    Game 108/1000: CCE_OLD wins  {White mates}
    Game 117/1000: CCE_NEW wins  {White mates}
    Game 110/1000: Draw  {Draw by 3-fold repetition}
    Game 114/1000: Draw  {Draw by 3-fold repetition}
    Game 116/1000: Draw  {Draw by 3-fold repetition}
    Game 112/1000: CCE_NEW wins  {Black mates}
    Game 120/1000: CCE_OLD wins  {White mates}
    Game 124/1000: Draw  {Draw by 3-fold repetition}
    Game 119/1000: CCE_NEW wins  {White mates}
    Game 118/1000: CCE_OLD wins  {White mates}
    Game 121/1000: Draw  {Draw by 3-fold repetition}
    Game 122/1000: CCE_OLD wins  {White mates}
    Game 126/1000: CCE_NEW wins  {Black mates}
    Game 123/1000: CCE_OLD wins  {Black mates}
    Game 131/1000: CCE_NEW wins  {White mates}
    Game 130/1000: CCE_NEW wins  {Black mates}
    Game 129/1000: CCE_NEW wins  {White mates}
    Game 132/1000: CCE_OLD wins  {White mates}
    Game 125/1000: CCE_NEW wins  {White mates}
    Game 127/1000: Draw  {Draw by insufficient mating material}
    Game 137/1000: CCE_OLD wins  {Black mates}
    Game 128/1000: CCE_NEW wins  {Black mates}
    Game 133/1000: CCE_NEW wins  {White mates}
    Game 141/1000: Draw  {Draw by 3-fold repetition}
    Game 138/1000: CCE_OLD wins  {White mates}
    Game 136/1000: Draw  {Draw by insufficient mating material}
    Game 144/1000: CCE_NEW wins  {Black mates}
    Game 134/1000: Draw  {Draw by 3-fold repetition}
    Game 135/1000: CCE_OLD wins  {Black mates}
    Game 140/1000: CCE_OLD wins  {White mates}
    Game 139/1000: CCE_NEW wins  {White mates}
    Game 142/1000: CCE_NEW wins  {Black mates}
    Game 146/1000: Draw  {Draw by 3-fold repetition}
    Game 143/1000: CCE_OLD wins  {Black mates}
    Game 145/1000: CCE_NEW wins  {White mates}
    Game 152/1000: Draw  {Draw by 3-fold repetition}
    Game 149/1000: CCE_NEW wins  {White mates}
    Game 150/1000: CCE_OLD wins  {White mates}
    Game 147/1000: CCE_NEW wins  {White mates}
    Game 151/1000: CCE_NEW wins  {White mates}
    Game 148/1000: CCE_OLD wins  {White mates}
    Game 153/1000: CCE_OLD wins  {Black mates}
    Game 154/1000: Draw  {Draw by 3-fold repetition}
    Game 157/1000: CCE_NEW wins  {White mates}
    Game 156/1000: CCE_OLD wins  {White mates}
    Game 155/1000: CCE_OLD wins  {Black mates}
    Game 158/1000: CCE_OLD wins  {White mates}
    Game 161/1000: CCE_NEW wins  {White mates}
    Game 162/1000: Draw  {Draw by 3-fold repetition}
    Game 159/1000: CCE_NEW wins  {White mates}
    Game 160/1000: CCE_NEW wins  {Black mates}
    Game 168/1000: Draw  {Draw by 3-fold repetition}
    Game 163/1000: CCE_NEW wins  {White mates}
    Game 171/1000: Draw  {Draw by 3-fold repetition}
    Game 169/1000: CCE_OLD wins  {Black mates}
    Game 165/1000: CCE_NEW wins  {White mates}
    Game 167/1000: CCE_NEW wins  {White mates}
    Game 164/1000: CCE_OLD wins  {White mates}
    Game 170/1000: CCE_OLD wins  {White mates}
    Game 172/1000: CCE_OLD wins  {White mates}
    Game 175/1000: CCE_OLD wins  {Black mates}
    Game 174/1000: CCE_NEW wins  {Black mates}
    Game 166/1000: CCE_NEW wins  {Black mates}
    Game 173/1000: CCE_NEW wins  {White mates}
    Game 177/1000: CCE_OLD wins  {Black mates}
    Game 178/1000: CCE_OLD wins  {White mates}
    Game 176/1000: CCE_OLD wins  {White mates}
    Game 185/1000: CCE_OLD wins  {Black mates}
    Game 180/1000: Draw  {Draw by 3-fold repetition}
    Game 182/1000: CCE_OLD wins  {White mates}
    Game 184/1000: Draw  {Draw by 3-fold repetition}
    Game 179/1000: Draw  {Draw by insufficient mating material}
    Game 187/1000: Draw  {Draw by 3-fold repetition}
    Game 188/1000: CCE_OLD wins  {White mates}
    Game 181/1000: CCE_NEW wins  {White mates}
    Game 186/1000: CCE_OLD wins  {White mates}
    Game 189/1000: CCE_OLD wins  {Black mates}
    Game 190/1000: CCE_OLD wins  {White mates}
    Game 183/1000: CCE_OLD wins  {Black mates}
    Game 193/1000: CCE_NEW wins  {White mates}
    Game 197/1000: CCE_OLD wins  {Black mates}
    Game 191/1000: CCE_NEW wins  {White mates}
    Game 200/1000: CCE_OLD wins  {White mates}
    Game 195/1000: CCE_NEW wins  {White mates}
    Game 202/1000: CCE_OLD wins  {White mates}
    Game 198/1000: CCE_NEW wins  {Black mates}
    Game 201/1000: Draw  {Draw by 3-fold repetition}
    Game 196/1000: CCE_OLD wins  {White mates}
    Game 192/1000: Draw  {Draw by 3-fold repetition}
    Game 194/1000: CCE_NEW wins  {Black mates}
    Game 203/1000: CCE_OLD wins  {Black mates}
    Game 208/1000: CCE_OLD wins  {White mates}
    Game 199/1000: Draw  {Draw by 3-fold repetition}
    Game 205/1000: CCE_OLD wins  {Black mates}
    Game 206/1000: CCE_NEW wins  {Black mates}
    Game 204/1000: CCE_OLD wins  {White mates}
    Game 213/1000: Draw  {Draw by 3-fold repetition}
    Game 217/1000: CCE_NEW wins  {White mates}
    Game 207/1000: CCE_NEW wins  {White mates}
    Game 214/1000: CCE_OLD wins  {White mates}
    Game 210/1000: CCE_NEW wins  {Black mates}
    Game 211/1000: CCE_NEW wins  {White mates}
    Game 212/1000: CCE_OLD wins  {White mates}
    Game 218/1000: Draw  {Draw by 3-fold repetition}
    Game 215/1000: CCE_OLD wins  {Black mates}
    Game 209/1000: Draw  {Draw by 3-fold repetition}
    Game 221/1000: CCE_NEW wins  {White mates}
    Game 216/1000: Draw  {Draw by insufficient mating material}
    Game 219/1000: CCE_NEW wins  {White mates}
    Game 224/1000: Draw  {Draw by 3-fold repetition}
    Game 222/1000: Draw  {Draw by 3-fold repetition}
    Game 228/1000: CCE_OLD wins  {White mates}
    Game 227/1000: Draw  {Draw by 3-fold repetition}
    Game 220/1000: CCE_OLD wins  {White mates}
    Game 225/1000: CCE_OLD wins  {Black mates}
    Game 229/1000: CCE_NEW wins  {White mates}
    Game 226/1000: Draw  {Draw by insufficient mating material}
    Game 234/1000: CCE_NEW wins  {Black mates}
    Game 232/1000: Draw  {Draw by 3-fold repetition}
    Game 223/1000: CCE_NEW wins  {White mates}
    Game 233/1000: CCE_NEW wins  {White mates}
    Game 230/1000: CCE_NEW wins  {Black mates}
    Game 239/1000: CCE_NEW wins  {White mates}
    Game 237/1000: Draw  {Draw by 3-fold repetition}
    Game 231/1000: CCE_OLD wins  {Black mates}
    Game 241/1000: CCE_OLD wins  {Black mates}
    Game 240/1000: Draw  {Draw by 3-fold repetition}
    Game 238/1000: CCE_NEW wins  {Black mates}
    Game 235/1000: CCE_OLD wins  {Black mates}
    Game 246/1000: Draw  {Draw by 3-fold repetition}
    Game 244/1000: CCE_OLD wins  {White mates}
    Game 242/1000: CCE_OLD wins  {White mates}
    Game 243/1000: CCE_NEW wins  {White mates}
    Game 247/1000: Draw  {Draw by 3-fold repetition}
    Game 236/1000: CCE_NEW wins  {Black mates}
    Game 245/1000: CCE_NEW wins  {White mates}
    Game 248/1000: CCE_OLD wins  {White mates}
    Game 252/1000: CCE_OLD wins  {White mates}
    Game 254/1000: CCE_NEW wins  {Black mates}
    Game 251/1000: CCE_NEW wins  {White mates}
    Game 256/1000: CCE_OLD wins  {White mates}
    Game 249/1000: CCE_NEW wins  {White mates}
    Game 250/1000: CCE_OLD wins  {White mates}
    Game 261/1000: CCE_OLD wins  {Black mates}
    Game 253/1000: Draw  {Draw by insufficient mating material}
    Game 257/1000: Draw  {Draw by 3-fold repetition}
    Game 258/1000: CCE_OLD wins  {White mates}
    Game 255/1000: CCE_NEW wins  {White mates}
    Game 259/1000: CCE_OLD wins  {Black mates}
    Game 263/1000: Draw  {Draw by 3-fold repetition}
    Game 260/1000: Draw  {Draw by 3-fold repetition}
    Game 262/1000: CCE_OLD wins  {White mates}
    Game 266/1000: Draw  {Draw by 3-fold repetition}
    Game 264/1000: CCE_NEW wins  {Black mates}
    Game 271/1000: CCE_NEW wins  {White mates}
    Game 268/1000: CCE_NEW wins  {Black mates}
    Game 265/1000: CCE_NEW wins  {White mates}
    Game 267/1000: CCE_NEW wins  {White mates}
    Game 270/1000: CCE_NEW wins  {Black mates}
    Game 269/1000: CCE_NEW wins  {White mates}
    Game 273/1000: Draw  {Draw by 3-fold repetition}
    Game 279/1000: CCE_NEW wins  {White mates}
    Game 272/1000: Draw  {Draw by 3-fold repetition}
    Game 278/1000: CCE_OLD wins  {White mates}
    Game 274/1000: CCE_OLD wins  {White mates}
    Game 280/1000: Draw  {Draw by 3-fold repetition}
    Game 281/1000: Draw  {Draw by 3-fold repetition}
    Game 277/1000: Draw  {Draw by 3-fold repetition}
    Game 276/1000: CCE_NEW wins  {Black mates}
    Game 288/1000: CCE_OLD wins  {White mates}
    Game 286/1000: Draw  {Draw by 3-fold repetition}
    Game 275/1000: CCE_NEW wins  {White mates}
    Game 282/1000: CCE_NEW wins  {Black mates}
    Game 287/1000: Draw  {Draw by 3-fold repetition}
    Game 284/1000: Draw  {Draw by 3-fold repetition}
    Game 290/1000: CCE_NEW wins  {Black mates}
    Game 283/1000: CCE_NEW wins  {White mates}
    Game 285/1000: CCE_OLD wins  {Black mates}
    Game 289/1000: CCE_NEW wins  {White mates}
    Game 296/1000: Draw  {Draw by 3-fold repetition}
    Game 292/1000: CCE_OLD wins  {White mates}
    Game 299/1000: Draw  {Draw by 3-fold repetition}
    Game 291/1000: CCE_OLD wins  {Black mates}
    Game 294/1000: CCE_NEW wins  {Black mates}
    Game 297/1000: Draw  {Draw by 3-fold repetition}
    Game 301/1000: CCE_OLD wins  {Black mates}
    Game 295/1000: CCE_NEW wins  {White mates}
    Game 308/1000: Draw  {Draw by 3-fold repetition}
    Game 302/1000: CCE_NEW wins  {Black mates}
    Game 298/1000: Draw  {Draw by 3-fold repetition}
    Game 300/1000: Draw  {Draw by insufficient mating material}
    Game 303/1000: CCE_NEW wins  {White mates}
    Game 304/1000: Draw  {Draw by 3-fold repetition}
    Game 307/1000: Draw  {Draw by 3-fold repetition}
    Game 313/1000: CCE_NEW wins  {White mates}
    Game 305/1000: CCE_NEW wins  {White mates}
    Game 293/1000: CCE_OLD wins  {Black mates}
    Game 309/1000: CCE_NEW wins  {White mates}
    Game 306/1000: CCE_NEW wins  {Black mates}
    Game 312/1000: Draw  {Draw by 3-fold repetition}
    Game 317/1000: Draw  {Draw by 3-fold repetition}
    Game 311/1000: Draw  {Draw by insufficient mating material}
    Game 315/1000: CCE_NEW wins  {White mates}
    Game 316/1000: CCE_OLD wins  {White mates}
    Game 310/1000: CCE_NEW wins  {Black mates}
    Game 314/1000: CCE_NEW wins  {Black mates}
    Game 322/1000: Draw  {Draw by 3-fold repetition}
    Game 324/1000: CCE_OLD wins  {White mates}
    Game 319/1000: CCE_NEW wins  {White mates}
    Game 320/1000: CCE_NEW wins  {Black mates}
    Game 318/1000: CCE_NEW wins  {Black mates}
    Game 321/1000: CCE_OLD wins  {Black mates}
    Game 333/1000: Draw  {Draw by 3-fold repetition}
    Game 327/1000: Draw  {Draw by 3-fold repetition}
    Game 328/1000: CCE_OLD wins  {White mates}
    Game 323/1000: Draw  {Draw by 3-fold repetition}
    Game 325/1000: Draw  {Draw by 3-fold repetition}
    Game 332/1000: CCE_OLD wins  {White mates}
    Game 326/1000: Draw  {Draw by 3-fold repetition}
    Game 329/1000: CCE_OLD wins  {Black mates}
    Game 330/1000: CCE_OLD wins  {White mates}
    Game 338/1000: CCE_NEW wins  {Black mates}
    Game 334/1000: CCE_OLD wins  {White mates}
    Game 342/1000: CCE_NEW wins  {Black mates}
    Game 336/1000: Draw  {Draw by insufficient mating material}
    Game 340/1000: CCE_OLD wins  {White mates}
    Game 331/1000: Draw  {Draw by 3-fold repetition}
    Game 335/1000: Draw  {Draw by 3-fold repetition}
    Game 337/1000: Draw  {Draw by 3-fold repetition}
    Game 339/1000: CCE_OLD wins  {Black mates}
    Game 345/1000: CCE_OLD wins  {Black mates}
    Game 344/1000: CCE_NEW wins  {Black mates}
    Game 343/1000: CCE_OLD wins  {Black mates}
    Game 347/1000: CCE_NEW wins  {White mates}
    Game 346/1000: CCE_NEW wins  {Black mates}
    Game 341/1000: Draw  {Draw by 3-fold repetition}
    Game 350/1000: CCE_NEW wins  {Black mates}
    Game 349/1000: CCE_NEW wins  {White mates}
    Game 348/1000: Draw  {Draw by 3-fold repetition}
    Game 351/1000: CCE_NEW wins  {White mates}
    Game 352/1000: CCE_NEW wins  {Black mates}
    Game 356/1000: CCE_OLD wins  {White mates}
    Game 354/1000: CCE_OLD wins  {White mates}
    Game 353/1000: CCE_NEW wins  {White mates}
    Game 360/1000: CCE_OLD wins  {White mates}
    Game 357/1000: Draw  {Draw by 3-fold repetition}
    Game 361/1000: Draw  {Draw by 3-fold repetition}
    Game 358/1000: CCE_OLD wins  {White mates}
    Game 355/1000: CCE_NEW wins  {White mates}
    Game 359/1000: CCE_NEW wins  {White mates}
    Game 366/1000: CCE_OLD wins  {White mates}
    Game 363/1000: CCE_NEW wins  {White mates}
    Game 362/1000: CCE_OLD wins  {White mates}
    Game 370/1000: CCE_OLD wins  {White mates}
    Game 365/1000: CCE_OLD wins  {Black mates}
    Game 364/1000: CCE_NEW wins  {Black mates}
    Game 367/1000: CCE_OLD wins  {Black mates}
    Game 369/1000: CCE_NEW wins  {White mates}
    Game 371/1000: Draw  {Draw by 3-fold repetition}
    Game 376/1000: CCE_NEW wins  {Black mates}
    Game 368/1000: Draw  {Draw by 3-fold repetition}
    Game 378/1000: CCE_OLD wins  {White mates}
    Game 375/1000: CCE_OLD wins  {Black mates}
    Game 372/1000: CCE_OLD wins  {White mates}
    Game 374/1000: CCE_OLD wins  {White mates}
    Game 373/1000: CCE_OLD wins  {Black mates}
    Game 381/1000: CCE_NEW wins  {White mates}
    Game 380/1000: CCE_OLD wins  {White mates}
    Game 382/1000: Draw  {Draw by 3-fold repetition}
    Game 385/1000: Draw  {Draw by 3-fold repetition}
    Game 377/1000: CCE_OLD wins  {Black mates}
    Game 379/1000: CCE_OLD wins  {Black mates}
    Game 384/1000: Draw  {Draw by 3-fold repetition}
    Game 387/1000: CCE_NEW wins  {White mates}
    Game 383/1000: Draw  {Draw by 3-fold repetition}
    Game 389/1000: CCE_OLD wins  {Black mates}
    Game 386/1000: CCE_NEW wins  {Black mates}
    Game 391/1000: CCE_NEW wins  {White mates}
    Game 396/1000: CCE_NEW wins  {Black mates}
    Game 395/1000: CCE_NEW wins  {White mates}
    Game 399/1000: Draw  {Draw by 3-fold repetition}
    Game 392/1000: CCE_NEW wins  {Black mates}
    Game 388/1000: CCE_OLD wins  {White mates}
    Game 394/1000: CCE_NEW wins  {Black mates}
    Game 400/1000: CCE_NEW wins  {Black mates}
    Game 390/1000: Draw  {Draw by 3-fold repetition}
    Game 398/1000: CCE_NEW wins  {Black mates}
    Game 401/1000: CCE_OLD wins  {Black mates}
    Game 393/1000: CCE_OLD wins  {Black mates}
    Game 408/1000: Draw  {Draw by 3-fold repetition}
    Game 403/1000: Draw  {Draw by 3-fold repetition}
    Game 397/1000: CCE_NEW wins  {White mates}
    Game 405/1000: CCE_OLD wins  {Black mates}
    Game 411/1000: CCE_OLD wins  {Black mates}
    Game 409/1000: Draw  {Draw by 3-fold repetition}
    Game 404/1000: CCE_OLD wins  {White mates}
    Game 402/1000: CCE_NEW wins  {Black mates}
    Game 407/1000: Draw  {Draw by 3-fold repetition}
    Game 406/1000: Draw  {Draw by 3-fold repetition}
    Game 410/1000: CCE_OLD wins  {White mates}
    Game 420/1000: Draw  {Draw by 3-fold repetition}
    Game 412/1000: CCE_OLD wins  {White mates}
    Game 418/1000: CCE_OLD wins  {White mates}
    Game 419/1000: Draw  {Draw by 3-fold repetition}
    Game 421/1000: CCE_NEW wins  {White mates}
    Game 417/1000: CCE_NEW wins  {White mates}
    Game 414/1000: CCE_NEW wins  {Black mates}
    Game 416/1000: CCE_NEW wins  {Black mates}
    Game 413/1000: CCE_OLD wins  {Black mates}
    Game 415/1000: CCE_OLD wins  {Black mates}
    Game 426/1000: Draw  {Draw by 3-fold repetition}
    Game 422/1000: CCE_OLD wins  {White mates}
    Game 423/1000: CCE_NEW wins  {White mates}
    Game 427/1000: CCE_NEW wins  {White mates}
    Game 430/1000: CCE_OLD wins  {White mates}
    Game 425/1000: CCE_OLD wins  {Black mates}
    Game 424/1000: CCE_OLD wins  {White mates}
    Game 428/1000: CCE_OLD wins  {White mates}
    Game 431/1000: CCE_NEW wins  {White mates}
    Game 429/1000: CCE_OLD wins  {Black mates}
    Game 436/1000: CCE_NEW wins  {Black mates}
    Game 434/1000: CCE_NEW wins  {Black mates}
    Game 437/1000: CCE_NEW wins  {White mates}
    Game 432/1000: CCE_OLD wins  {White mates}
    Game 433/1000: CCE_OLD wins  {Black mates}
    Game 435/1000: CCE_NEW wins  {White mates}
    Game 438/1000: Draw  {Draw by 3-fold repetition}
    Game 444/1000: Draw  {Draw by 3-fold repetition}
    Game 445/1000: CCE_OLD wins  {Black mates}
    Game 439/1000: CCE_NEW wins  {White mates}
    Game 441/1000: Draw  {Draw by 3-fold repetition}
    Game 447/1000: CCE_NEW wins  {White mates}
    Game 450/1000: CCE_OLD wins  {White mates}
    Game 440/1000: CCE_NEW wins  {Black mates}
    Game 446/1000: CCE_OLD wins  {White mates}
    Game 442/1000: CCE_OLD wins  {White mates}
    Game 448/1000: CCE_OLD wins  {White mates}
    Game 454/1000: CCE_OLD wins  {White mates}
    Game 443/1000: CCE_NEW wins  {White mates}
    Game 451/1000: CCE_OLD wins  {Black mates}
    Game 449/1000: CCE_OLD wins  {Black mates}
    Game 453/1000: CCE_NEW wins  {White mates}
    Game 460/1000: CCE_NEW wins  {Black mates}
    Game 452/1000: CCE_OLD wins  {White mates}
    Game 458/1000: CCE_OLD wins  {White mates}
    Game 455/1000: CCE_NEW wins  {White mates}
    Game 462/1000: CCE_OLD wins  {White mates}
    Game 457/1000: Draw  {Draw by 3-fold repetition}
    Game 456/1000: Draw  {Draw by 3-fold repetition}
    Game 459/1000: CCE_OLD wins  {Black mates}
    Game 461/1000: CCE_OLD wins  {Black mates}
    Game 463/1000: CCE_OLD wins  {Black mates}
    Game 467/1000: CCE_OLD wins  {Black mates}
    Game 464/1000: CCE_NEW wins  {Black mates}
    Game 470/1000: Draw  {Draw by 3-fold repetition}
    Game 468/1000: Draw  {Draw by 3-fold repetition}
    Game 466/1000: Draw  {Draw by 3-fold repetition}
    Game 469/1000: CCE_OLD wins  {Black mates}
    Game 465/1000: Draw  {Draw by 3-fold repetition}
    Game 474/1000: CCE_NEW wins  {Black mates}
    Game 472/1000: CCE_OLD wins  {White mates}
    Game 471/1000: CCE_NEW wins  {White mates}
    Game 479/1000: Draw  {Draw by 3-fold repetition}
    Game 475/1000: CCE_OLD wins  {Black mates}
    Game 476/1000: Draw  {Draw by 3-fold repetition}
    Game 478/1000: CCE_OLD wins  {White mates}
    Game 477/1000: CCE_NEW wins  {White mates}
    Game 481/1000: CCE_NEW wins  {White mates}
    Game 473/1000: Draw  {Draw by fifty moves rule}
    Game 480/1000: Draw  {Draw by insufficient mating material}
    Game 482/1000: CCE_NEW wins  {Black mates}
    Game 483/1000: Draw  {Draw by 3-fold repetition}
    Game 488/1000: Draw  {Draw by 3-fold repetition}
    Game 484/1000: CCE_NEW wins  {Black mates}
    Game 491/1000: CCE_NEW wins  {White mates}
    Game 485/1000: CCE_NEW wins  {White mates}
    Game 494/1000: CCE_OLD wins  {White mates}
    Game 487/1000: Draw  {Draw by 3-fold repetition}
    Game 489/1000: CCE_OLD wins  {Black mates}
    Game 486/1000: CCE_OLD wins  {White mates}
    Game 493/1000: CCE_NEW wins  {White mates}
    Game 492/1000: Draw  {Draw by 3-fold repetition}
    Game 490/1000: Draw  {Draw by insufficient mating material}
    Game 495/1000: Draw  {Draw by 3-fold repetition}
    Game 497/1000: CCE_OLD wins  {Black mates}
    Game 501/1000: CCE_OLD wins  {Black mates}
    Game 498/1000: Draw  {Draw by 3-fold repetition}
    Game 503/1000: Draw  {Draw by 3-fold repetition}
    Game 496/1000: CCE_OLD wins  {White mates}
    Game 499/1000: CCE_NEW wins  {White mates}
    Game 505/1000: Draw  {Draw by 3-fold repetition}
    Game 504/1000: Draw  {Draw by 3-fold repetition}
    Game 507/1000: CCE_NEW wins  {White mates}
    Game 511/1000: Draw  {Draw by 3-fold repetition}
    Game 502/1000: CCE_NEW wins  {Black mates}
    Game 510/1000: CCE_NEW wins  {Black mates}
    Game 513/1000: CCE_OLD wins  {Black mates}
    Game 508/1000: CCE_OLD wins  {White mates}
    Game 500/1000: CCE_NEW wins  {Black mates}
    Game 515/1000: CCE_OLD wins  {Black mates}
    Game 509/1000: CCE_NEW wins  {White mates}
    Game 506/1000: CCE_NEW wins  {Black mates}
    Game 516/1000: CCE_OLD wins  {White mates}
    Game 517/1000: Draw  {Draw by 3-fold repetition}
    Game 512/1000: CCE_OLD wins  {White mates}
    Game 522/1000: CCE_OLD wins  {White mates}
    Game 523/1000: Draw  {Draw by 3-fold repetition}
    Game 514/1000: Draw  {Draw by 3-fold repetition}
    Game 519/1000: CCE_NEW wins  {White mates}
    Game 520/1000: Draw  {Draw by 3-fold repetition}
    Game 521/1000: CCE_NEW wins  {White mates}
    Game 524/1000: CCE_OLD wins  {White mates}
    Game 518/1000: Draw  {Draw by 3-fold repetition}
    Game 525/1000: CCE_NEW wins  {White mates}
    Game 526/1000: CCE_NEW wins  {Black mates}
    Game 528/1000: CCE_NEW wins  {Black mates}
    Game 532/1000: Draw  {Draw by 3-fold repetition}
    Game 530/1000: Draw  {Draw by 3-fold repetition}
    Game 531/1000: Draw  {Draw by insufficient mating material}
    Game 534/1000: Draw  {Draw by 3-fold repetition}
    Game 527/1000: Draw  {Draw by 3-fold repetition}
    Game 533/1000: CCE_NEW wins  {White mates}
    Game 536/1000: CCE_NEW wins  {Black mates}
    Game 535/1000: CCE_OLD wins  {Black mates}
    Game 529/1000: CCE_NEW wins  {White mates}
    Game 541/1000: CCE_OLD wins  {Black mates}
    Game 538/1000: Draw  {Draw by 3-fold repetition}
    Game 537/1000: CCE_NEW wins  {White mates}
    Game 542/1000: CCE_OLD wins  {White mates}
    Game 543/1000: Draw  {Draw by 3-fold repetition}
    Game 546/1000: CCE_NEW wins  {Black mates}
    Game 539/1000: Draw  {Draw by insufficient mating material}
    Game 540/1000: CCE_NEW wins  {Black mates}
    Game 544/1000: Draw  {Draw by 3-fold repetition}
    Game 549/1000: CCE_NEW wins  {White mates}
    Game 545/1000: Draw  {Draw by 3-fold repetition}
    Game 548/1000: CCE_NEW wins  {Black mates}
    Game 554/1000: CCE_OLD wins  {White mates}
    Game 552/1000: Draw  {Draw by 3-fold repetition}
    Game 547/1000: CCE_OLD wins  {Black mates}
    Game 550/1000: CCE_NEW wins  {Black mates}
    Game 557/1000: CCE_NEW wins  {White mates}
    Game 562/1000: CCE_OLD wins  {White mates}
    Game 553/1000: CCE_NEW wins  {White mates}
    Game 551/1000: CCE_NEW wins  {White mates}
    Game 563/1000: CCE_NEW wins  {White mates}
    Game 555/1000: CCE_OLD wins  {Black mates}
    Game 558/1000: Draw  {Draw by 3-fold repetition}
    Game 559/1000: CCE_OLD wins  {Black mates}
    Game 560/1000: CCE_OLD wins  {White mates}
    Game 564/1000: CCE_OLD wins  {White mates}
    Game 556/1000: Draw  {Draw by insufficient mating material}
    Game 567/1000: Draw  {Draw by 3-fold repetition}
    Game 561/1000: CCE_NEW wins  {White mates}
    Game 570/1000: Draw  {Draw by 3-fold repetition}
    Game 565/1000: CCE_OLD wins  {Black mates}
    Game 571/1000: Draw  {Draw by 3-fold repetition}
    Game 566/1000: CCE_NEW wins  {Black mates}
    Game 573/1000: Draw  {Draw by 3-fold repetition}
    Game 569/1000: Draw  {Draw by insufficient mating material}
    Game 568/1000: CCE_NEW wins  {Black mates}
    Game 576/1000: Draw  {Draw by 3-fold repetition}
    Game 572/1000: CCE_OLD wins  {White mates}
    Game 577/1000: CCE_OLD wins  {Black mates}
    Game 574/1000: CCE_OLD wins  {White mates}
    Game 575/1000: CCE_OLD wins  {Black mates}
    Game 580/1000: Draw  {Draw by 3-fold repetition}
    Game 584/1000: CCE_OLD wins  {White mates}
    Game 578/1000: CCE_OLD wins  {White mates}
    Game 579/1000: Draw  {Draw by 3-fold repetition}
    Game 581/1000: Draw  {Draw by 3-fold repetition}
    Game 585/1000: CCE_NEW wins  {White mates}
    Game 583/1000: CCE_NEW wins  {White mates}
    Game 586/1000: CCE_NEW wins  {Black mates}
    Game 582/1000: CCE_NEW wins  {Black mates}
    Game 589/1000: Draw  {Draw by 3-fold repetition}
    Game 587/1000: CCE_NEW wins  {White mates}
    Game 588/1000: CCE_OLD wins  {White mates}
    Game 593/1000: CCE_OLD wins  {Black mates}
    Game 590/1000: Draw  {Draw by 3-fold repetition}
    Game 591/1000: Draw  {Draw by insufficient mating material}
    Game 596/1000: CCE_OLD wins  {White mates}
    Game 592/1000: Draw  {Draw by 3-fold repetition}
    Game 594/1000: CCE_NEW wins  {Black mates}
    Game 597/1000: CCE_OLD wins  {Black mates}
    Game 599/1000: CCE_NEW wins  {White mates}
    Game 595/1000: Draw  {Draw by 3-fold repetition}
    Game 598/1000: CCE_OLD wins  {White mates}
    Game 604/1000: CCE_OLD wins  {White mates}
    Game 600/1000: CCE_NEW wins  {Black mates}
    Game 602/1000: Draw  {Draw by insufficient mating material}
    Game 601/1000: Draw  {Draw by 3-fold repetition}
    Game 603/1000: CCE_NEW wins  {White mates}
    Game 605/1000: CCE_NEW wins  {White mates}
    Game 608/1000: Draw  {Draw by 3-fold repetition}
    Game 614/1000: Draw  {Draw by 3-fold repetition}
    Game 607/1000: CCE_NEW wins  {White mates}
    Game 612/1000: CCE_NEW wins  {Black mates}
    Game 613/1000: Draw  {Draw by 3-fold repetition}
    Game 606/1000: CCE_NEW wins  {Black mates}
    Game 615/1000: CCE_NEW wins  {White mates}
    Game 611/1000: CCE_NEW wins  {White mates}
    Game 610/1000: Draw  {Draw by 3-fold repetition}
    Game 616/1000: CCE_OLD wins  {White mates}
    Game 617/1000: CCE_OLD wins  {Black mates}
    Game 609/1000: CCE_NEW wins  {White mates}
    Game 618/1000: Draw  {Draw by 3-fold repetition}
    Game 622/1000: CCE_OLD wins  {White mates}
    Game 619/1000: Draw  {Draw by 3-fold repetition}
    Game 624/1000: CCE_OLD wins  {White mates}
    Game 626/1000: CCE_OLD wins  {White mates}
    Game 620/1000: CCE_NEW wins  {Black mates}
    Game 627/1000: Draw  {Draw by 3-fold repetition}
    Game 630/1000: CCE_OLD wins  {White mates}
    Game 629/1000: CCE_NEW wins  {White mates}
    Game 625/1000: CCE_NEW wins  {White mates}
    Game 621/1000: Draw  {Draw by 3-fold repetition}
    Game 623/1000: CCE_OLD wins  {Black mates}
    Game 634/1000: CCE_OLD wins  {White mates}
    Game 633/1000: Draw  {Draw by 3-fold repetition}
    Game 631/1000: CCE_NEW wins  {White mates}
    Game 632/1000: CCE_OLD wins  {White mates}
    Game 641/1000: CCE_OLD wins  {Black mates}
    Game 636/1000: CCE_OLD wins  {White mates}
    Game 628/1000: Draw  {Draw by insufficient mating material}
    Game 642/1000: CCE_NEW wins  {Black mates}
    Game 637/1000: CCE_OLD wins  {Black mates}
    Game 635/1000: CCE_OLD wins  {Black mates}
    Game 638/1000: CCE_OLD wins  {White mates}
    Game 648/1000: CCE_OLD wins  {White mates}
    Game 639/1000: CCE_OLD wins  {Black mates}
    Game 647/1000: CCE_NEW wins  {White mates}
    Game 643/1000: CCE_OLD wins  {Black mates}
    Game 645/1000: CCE_OLD wins  {Black mates}
    Game 646/1000: CCE_NEW wins  {Black mates}
    Game 640/1000: CCE_NEW wins  {Black mates}
    Game 654/1000: CCE_NEW wins  {Black mates}
    Game 649/1000: CCE_NEW wins  {White mates}
    Game 650/1000: Draw  {Draw by insufficient mating material}
    Game 644/1000: CCE_OLD wins  {White mates}
    Game 651/1000: Draw  {Draw by 3-fold repetition}
    Game 653/1000: Draw  {Draw by 3-fold repetition}
    Game 655/1000: CCE_OLD wins  {Black mates}
    Game 652/1000: CCE_NEW wins  {Black mates}
    Game 656/1000: CCE_OLD wins  {White mates}
    Game 660/1000: CCE_OLD wins  {White mates}
    Game 658/1000: CCE_OLD wins  {White mates}
    Game 657/1000: CCE_OLD wins  {Black mates}
    Game 664/1000: CCE_OLD wins  {White mates}
    Game 659/1000: Draw  {Draw by 3-fold repetition}
    Game 661/1000: CCE_OLD wins  {Black mates}
    Game 662/1000: CCE_NEW wins  {Black mates}
    Game 663/1000: Draw  {Draw by 3-fold repetition}
    Game 668/1000: CCE_NEW wins  {Black mates}
    Game 667/1000: CCE_NEW wins  {White mates}
    Game 665/1000: CCE_OLD wins  {Black mates}
    Game 666/1000: CCE_OLD wins  {White mates}
    Game 672/1000: CCE_NEW wins  {Black mates}
    Game 674/1000: CCE_OLD wins  {White mates}
    Game 669/1000: CCE_OLD wins  {Black mates}
    Game 670/1000: CCE_OLD wins  {White mates}
    Game 671/1000: CCE_NEW wins  {White mates}
    Game 676/1000: CCE_NEW wins  {Black mates}
    Game 678/1000: CCE_NEW wins  {Black mates}
    Game 679/1000: CCE_OLD wins  {Black mates}
    Game 675/1000: Draw  {Draw by 3-fold repetition}
    Game 682/1000: Draw  {Draw by 3-fold repetition}
    Game 673/1000: CCE_OLD wins  {Black mates}
    Game 683/1000: CCE_NEW wins  {White mates}
    Game 680/1000: CCE_OLD wins  {White mates}
    Game 677/1000: CCE_NEW wins  {White mates}
    Game 686/1000: CCE_NEW wins  {Black mates}
    Game 685/1000: Draw  {Draw by 3-fold repetition}
    Game 681/1000: Draw  {Draw by 3-fold repetition}
    Game 692/1000: CCE_OLD wins  {White mates}
    Game 688/1000: CCE_NEW wins  {Black mates}
    Game 687/1000: CCE_NEW wins  {White mates}
    Game 690/1000: CCE_OLD wins  {White mates}
    Game 684/1000: Draw  {Draw by insufficient mating material}
    Game 689/1000: CCE_NEW wins  {White mates}
    Game 691/1000: CCE_NEW wins  {White mates}
    Game 699/1000: Draw  {Draw by 3-fold repetition}
    Game 696/1000: Draw  {Draw by 3-fold repetition}
    Game 695/1000: Draw  {Draw by 3-fold repetition}
    Game 694/1000: CCE_NEW wins  {Black mates}
    Game 697/1000: Draw  {Draw by 3-fold repetition}
    Game 698/1000: CCE_OLD wins  {White mates}
    Game 700/1000: Draw  {Draw by 3-fold repetition}
    Game 707/1000: CCE_NEW wins  {White mates}
    Game 702/1000: CCE_OLD wins  {White mates}
    Game 704/1000: CCE_NEW wins  {Black mates}
    Game 701/1000: CCE_NEW wins  {White mates}
    Game 693/1000: Draw  {Draw by 3-fold repetition}
    Game 705/1000: Draw  {Draw by insufficient mating material}
    Game 713/1000: CCE_NEW wins  {White mates}
    Game 712/1000: CCE_OLD wins  {White mates}
    Game 709/1000: CCE_OLD wins  {Black mates}
    Game 710/1000: Draw  {Draw by 3-fold repetition}
    Game 706/1000: CCE_NEW wins  {Black mates}
    Game 708/1000: Draw  {Draw by 3-fold repetition}
    Game 703/1000: CCE_NEW wins  {White mates}
    Game 715/1000: CCE_OLD wins  {Black mates}
    Game 714/1000: CCE_OLD wins  {White mates}
    Game 721/1000: CCE_NEW wins  {White mates}
    Game 711/1000: Draw  {Draw by 3-fold repetition}
    Game 716/1000: CCE_OLD wins  {White mates}
    Game 719/1000: CCE_OLD wins  {Black mates}
    Game 722/1000: CCE_NEW wins  {Black mates}
    Game 718/1000: CCE_OLD wins  {White mates}
    Game 725/1000: CCE_NEW wins  {White mates}
    Game 728/1000: Draw  {Draw by 3-fold repetition}
    Game 717/1000: Draw  {Draw by 3-fold repetition}
    Game 720/1000: CCE_NEW wins  {Black mates}
    Game 729/1000: Draw  {Draw by 3-fold repetition}
    Game 723/1000: CCE_NEW wins  {White mates}
    Game 724/1000: CCE_OLD wins  {White mates}
    Game 727/1000: CCE_NEW wins  {White mates}
    Game 732/1000: Draw  {Draw by 3-fold repetition}
    Game 733/1000: CCE_NEW wins  {White mates}
    Game 734/1000: Draw  {Draw by 3-fold repetition}
    Game 726/1000: Draw  {Draw by 3-fold repetition}
    Game 735/1000: CCE_NEW wins  {White mates}
    Game 730/1000: CCE_OLD wins  {White mates}
    Game 742/1000: CCE_NEW wins  {Black mates}
    Game 731/1000: Draw  {Draw by 3-fold repetition}
    Game 737/1000: CCE_NEW wins  {White mates}
    Game 738/1000: Draw  {Draw by 3-fold repetition}
    Game 741/1000: CCE_NEW wins  {White mates}
    Game 736/1000: CCE_NEW wins  {Black mates}
    Game 740/1000: Draw  {Draw by 3-fold repetition}
    Game 739/1000: CCE_OLD wins  {Black mates}
    Game 743/1000: CCE_OLD wins  {Black mates}
    Game 745/1000: Draw  {Draw by 3-fold repetition}
    Game 752/1000: CCE_NEW wins  {Black mates}
    Game 744/1000: CCE_OLD wins  {White mates}
    Game 747/1000: CCE_OLD wins  {Black mates}
    Game 751/1000: Draw  {Draw by 3-fold repetition}
    Game 754/1000: CCE_NEW wins  {Black mates}
    Game 753/1000: Draw  {Draw by 3-fold repetition}
    Game 748/1000: CCE_NEW wins  {Black mates}
    Game 760/1000: CCE_OLD wins  {White mates}
    Game 759/1000: CCE_NEW wins  {White mates}
    Game 750/1000: CCE_NEW wins  {Black mates}
    Game 749/1000: Draw  {Draw by 3-fold repetition}
    Game 758/1000: CCE_NEW wins  {Black mates}
    Game 757/1000: CCE_NEW wins  {White mates}
    Game 746/1000: CCE_OLD wins  {White mates}
    Game 755/1000: Draw  {Draw by 3-fold repetition}
    Game 762/1000: CCE_NEW wins  {Black mates}
    Game 761/1000: Draw  {Draw by stalemate}
    Game 765/1000: CCE_OLD wins  {Black mates}
    Game 768/1000: CCE_OLD wins  {White mates}
    Game 766/1000: Draw  {Draw by 3-fold repetition}
    Game 764/1000: Draw  {Draw by 3-fold repetition}
    Game 756/1000: Draw  {Draw by insufficient mating material}
    Game 767/1000: CCE_NEW wins  {White mates}
    Game 770/1000: Draw  {Draw by 3-fold repetition}
    Game 774/1000: Draw  {Draw by 3-fold repetition}
    Game 772/1000: CCE_OLD wins  {White mates}
    Game 771/1000: Draw  {Draw by 3-fold repetition}
    Game 773/1000: Draw  {Draw by 3-fold repetition}
    Game 780/1000: Draw  {Draw by 3-fold repetition}
    Game 763/1000: Draw  {Draw by 3-fold repetition}
    Game 769/1000: CCE_OLD wins  {Black mates}
    Game 775/1000: CCE_OLD wins  {Black mates}
    Game 778/1000: Draw  {Draw by 3-fold repetition}
    Game 776/1000: CCE_OLD wins  {White mates}
    Game 785/1000: CCE_OLD wins  {Black mates}
    Game 777/1000: CCE_NEW wins  {White mates}
    Game 783/1000: CCE_OLD wins  {Black mates}
    Game 782/1000: CCE_NEW wins  {Black mates}
    Game 779/1000: CCE_OLD wins  {Black mates}
    Game 784/1000: CCE_OLD wins  {White mates}
    Game 787/1000: CCE_NEW wins  {White mates}
    Game 781/1000: CCE_OLD wins  {Black mates}
    Game 790/1000: CCE_NEW wins  {Black mates}
    Game 792/1000: CCE_NEW wins  {Black mates}
    Game 794/1000: Draw  {Draw by 3-fold repetition}
    Game 793/1000: Draw  {Draw by 3-fold repetition}
    Game 786/1000: CCE_OLD wins  {White mates}
    Game 788/1000: CCE_NEW wins  {Black mates}
    Game 791/1000: CCE_NEW wins  {White mates}
    Game 789/1000: CCE_NEW wins  {White mates}
    Game 801/1000: CCE_NEW wins  {White mates}
    Game 802/1000: Draw  {Draw by 3-fold repetition}
    Game 798/1000: Draw  {Draw by 3-fold repetition}
    Game 796/1000: Draw  {Draw by 3-fold repetition}
    Game 799/1000: Draw  {Draw by 3-fold repetition}
    Game 797/1000: CCE_NEW wins  {White mates}
    Game 795/1000: CCE_OLD wins  {Black mates}
    Game 800/1000: CCE_OLD wins  {White mates}
    Game 803/1000: CCE_NEW wins  {White mates}
    Game 808/1000: Draw  {Draw by 3-fold repetition}
    Game 807/1000: CCE_OLD wins  {Black mates}
    Game 805/1000: CCE_OLD wins  {Black mates}
    Game 813/1000: CCE_NEW wins  {White mates}
    Game 811/1000: CCE_OLD wins  {Black mates}
    Game 810/1000: Draw  {Draw by insufficient mating material}
    Game 815/1000: CCE_NEW wins  {White mates}
    Game 806/1000: CCE_OLD wins  {White mates}
    Game 809/1000: CCE_NEW wins  {White mates}
    Game 818/1000: CCE_NEW wins  {Black mates}
    Game 814/1000: CCE_OLD wins  {White mates}
    Game 804/1000: CCE_NEW wins  {Black mates}
    Game 812/1000: CCE_NEW wins  {Black mates}
    Game 817/1000: CCE_OLD wins  {Black mates}
    Game 824/1000: CCE_OLD wins  {White mates}
    Game 820/1000: CCE_OLD wins  {White mates}
    Game 823/1000: CCE_NEW wins  {White mates}
    Game 825/1000: CCE_OLD wins  {Black mates}
    Game 826/1000: Draw  {Draw by 3-fold repetition}
    Game 827/1000: Draw  {Draw by 3-fold repetition}
    Game 816/1000: CCE_NEW wins  {Black mates}
    Game 819/1000: CCE_NEW wins  {White mates}
    Game 828/1000: CCE_OLD wins  {White mates}
    Game 831/1000: Draw  {Draw by 3-fold repetition}
    Game 830/1000: CCE_NEW wins  {Black mates}
    Game 834/1000: CCE_NEW wins  {Black mates}
    Game 833/1000: Draw  {Draw by 3-fold repetition}
    Game 829/1000: CCE_NEW wins  {White mates}
    Game 832/1000: CCE_NEW wins  {Black mates}
    Game 821/1000: CCE_OLD wins  {Black mates}
    Game 822/1000: Draw  {Draw by fifty moves rule}
    Game 835/1000: CCE_NEW wins  {White mates}
    Game 841/1000: CCE_OLD wins  {Black mates}
    Game 839/1000: Draw  {Draw by 3-fold repetition}
    Game 837/1000: CCE_OLD wins  {Black mates}
    Game 836/1000: CCE_NEW wins  {Black mates}
    Game 840/1000: CCE_NEW wins  {Black mates}
    Game 845/1000: CCE_NEW wins  {White mates}
    Game 844/1000: CCE_OLD wins  {White mates}
    Game 838/1000: CCE_OLD wins  {White mates}
    Game 842/1000: CCE_OLD wins  {White mates}
    Game 848/1000: CCE_OLD wins  {White mates}
    Game 853/1000: CCE_OLD wins  {Black mates}
    Game 847/1000: CCE_OLD wins  {Black mates}
    Game 846/1000: CCE_NEW wins  {Black mates}
    Game 849/1000: CCE_NEW wins  {White mates}
    Game 843/1000: CCE_OLD wins  {Black mates}
    Game 854/1000: CCE_NEW wins  {Black mates}
    Game 855/1000: CCE_NEW wins  {White mates}
    Game 851/1000: CCE_OLD wins  {Black mates}
    Game 852/1000: CCE_OLD wins  {White mates}
    Game 860/1000: CCE_NEW wins  {Black mates}
    Game 850/1000: CCE_OLD wins  {White mates}
    Game 859/1000: Draw  {Draw by 3-fold repetition}
    Game 857/1000: CCE_NEW wins  {White mates}
    Game 864/1000: Draw  {Draw by 3-fold repetition}
    Game 863/1000: CCE_OLD wins  {Black mates}
    Game 856/1000: Draw  {Draw by insufficient mating material}
    Game 858/1000: CCE_NEW wins  {Black mates}
    Game 866/1000: CCE_NEW wins  {Black mates}
    Game 865/1000: Draw  {Draw by 3-fold repetition}
    Game 861/1000: CCE_OLD wins  {Black mates}
    Game 862/1000: CCE_NEW wins  {Black mates}
    Game 867/1000: Draw  {Draw by 3-fold repetition}
    Game 873/1000: Draw  {Draw by 3-fold repetition}
    Game 869/1000: CCE_OLD wins  {Black mates}
    Game 872/1000: CCE_NEW wins  {Black mates}
    Game 875/1000: CCE_NEW wins  {White mates}
    Game 876/1000: Draw  {Draw by 3-fold repetition}
    Game 871/1000: CCE_NEW wins  {White mates}
    Game 870/1000: CCE_NEW wins  {Black mates}
    Game 879/1000: CCE_NEW wins  {White mates}
    Game 874/1000: Draw  {Draw by insufficient mating material}
    Game 868/1000: Draw  {Draw by 3-fold repetition}
    Game 878/1000: CCE_OLD wins  {White mates}
    Game 877/1000: Draw  {Draw by 3-fold repetition}
    Game 886/1000: Draw  {Draw by 3-fold repetition}
    Game 882/1000: CCE_OLD wins  {White mates}
    Game 885/1000: Draw  {Draw by 3-fold repetition}
    Game 889/1000: Draw  {Draw by 3-fold repetition}
    Game 881/1000: CCE_NEW wins  {White mates}
    Game 883/1000: CCE_NEW wins  {White mates}
    Game 880/1000: CCE_NEW wins  {Black mates}
    Game 890/1000: Draw  {Draw by 3-fold repetition}
    Game 884/1000: CCE_OLD wins  {White mates}
    Game 887/1000: CCE_NEW wins  {White mates}
    Game 891/1000: Draw  {Draw by 3-fold repetition}
    Game 892/1000: Draw  {Draw by 3-fold repetition}
    Game 900/1000: Draw  {Draw by 3-fold repetition}
    Game 888/1000: CCE_OLD wins  {White mates}
    Game 894/1000: Draw  {Draw by 3-fold repetition}
    Game 896/1000: Draw  {Draw by 3-fold repetition}
    Game 898/1000: CCE_OLD wins  {White mates}
    Game 901/1000: CCE_OLD wins  {Black mates}
    Game 895/1000: CCE_OLD wins  {Black mates}
    Game 897/1000: CCE_NEW wins  {White mates}
    Game 899/1000: CCE_OLD wins  {Black mates}
    Game 893/1000: Draw  {Draw by 3-fold repetition}
    Game 904/1000: CCE_NEW wins  {Black mates}
    Game 906/1000: Draw  {Draw by 3-fold repetition}
    Game 902/1000: CCE_NEW wins  {Black mates}
    Game 909/1000: CCE_NEW wins  {White mates}
    Game 908/1000: CCE_OLD wins  {White mates}
    Game 915/1000: CCE_NEW wins  {White mates}
    Game 903/1000: CCE_OLD wins  {Black mates}
    Game 913/1000: CCE_OLD wins  {Black mates}
    Game 905/1000: CCE_NEW wins  {White mates}
    Game 907/1000: CCE_NEW wins  {White mates}
    Game 910/1000: CCE_NEW wins  {Black mates}
    Game 914/1000: CCE_NEW wins  {Black mates}
    Game 918/1000: CCE_OLD wins  {White mates}
    Game 911/1000: Draw  {Draw by 3-fold repetition}
    Game 921/1000: CCE_OLD wins  {Black mates}
    Game 917/1000: CCE_OLD wins  {Black mates}
    Game 919/1000: Draw  {Draw by 3-fold repetition}
    Game 912/1000: CCE_OLD wins  {White mates}
    Game 916/1000: CCE_OLD wins  {White mates}
    Game 926/1000: CCE_OLD wins  {White mates}
    Game 922/1000: CCE_NEW wins  {Black mates}
    Game 925/1000: CCE_NEW wins  {White mates}
    Game 920/1000: CCE_NEW wins  {Black mates}
    Game 929/1000: CCE_OLD wins  {Black mates}
    Game 927/1000: Draw  {Draw by 3-fold repetition}
    Game 924/1000: CCE_OLD wins  {White mates}
    Game 930/1000: CCE_NEW wins  {Black mates}
    Game 928/1000: CCE_NEW wins  {Black mates}
    Game 923/1000: Draw  {Draw by 3-fold repetition}
    Game 934/1000: Draw  {Draw by 3-fold repetition}
    Game 932/1000: CCE_OLD wins  {White mates}
    Game 939/1000: CCE_OLD wins  {Black mates}
    Game 937/1000: Draw  {Draw by 3-fold repetition}
    Game 933/1000: CCE_OLD wins  {Black mates}
    Game 931/1000: CCE_NEW wins  {White mates}
    Game 935/1000: CCE_NEW wins  {White mates}
    Game 942/1000: CCE_OLD wins  {White mates}
    Game 943/1000: CCE_NEW wins  {White mates}
    Game 938/1000: CCE_OLD wins  {White mates}
    Game 944/1000: Draw  {Draw by 3-fold repetition}
    Game 936/1000: CCE_NEW wins  {Black mates}
    Game 940/1000: CCE_OLD wins  {White mates}
    Game 945/1000: CCE_OLD wins  {Black mates}
    Game 941/1000: CCE_OLD wins  {Black mates}
    Game 948/1000: CCE_NEW wins  {Black mates}
    Game 946/1000: CCE_OLD wins  {White mates}
    Game 951/1000: CCE_OLD wins  {Black mates}
    Game 947/1000: CCE_NEW wins  {White mates}
    Game 949/1000: CCE_NEW wins  {White mates}
    Game 950/1000: CCE_OLD wins  {White mates}
    Game 954/1000: CCE_NEW wins  {Black mates}
    Game 955/1000: Draw  {Draw by 3-fold repetition}
    Game 953/1000: CCE_OLD wins  {Black mates}
    Game 952/1000: CCE_OLD wins  {White mates}
    Game 956/1000: CCE_OLD wins  {White mates}
    Game 957/1000: CCE_OLD wins  {Black mates}
    Game 958/1000: Draw  {Draw by 3-fold repetition}
    Game 960/1000: Draw  {Draw by 3-fold repetition}
    Game 961/1000: CCE_NEW wins  {White mates}
    Game 966/1000: CCE_NEW wins  {Black mates}
    Game 959/1000: Draw  {Draw by 3-fold repetition}
    Game 965/1000: CCE_OLD wins  {Black mates}
    Game 962/1000: CCE_OLD wins  {White mates}
    Game 968/1000: CCE_NEW wins  {Black mates}
    Game 963/1000: CCE_NEW wins  {White mates}
    Game 964/1000: CCE_NEW wins  {Black mates}
    Game 967/1000: CCE_OLD wins  {Black mates}
    Game 969/1000: CCE_NEW wins  {White mates}
    Game 976/1000: Draw  {Draw by 3-fold repetition}
    Game 970/1000: Draw  {Draw by 3-fold repetition}
    Game 972/1000: CCE_NEW wins  {Black mates}
    Game 973/1000: CCE_OLD wins  {Black mates}
    Game 974/1000: CCE_OLD wins  {White mates}
    Game 979/1000: CCE_NEW wins  {White mates}
    Game 975/1000: CCE_NEW wins  {White mates}
    Game 977/1000: Draw  {Draw by 3-fold repetition}
    Game 971/1000: Draw  {Draw by insufficient mating material}
    Game 981/1000: Draw  {Draw by 3-fold repetition}
    Game 986/1000: Draw  {Draw by 3-fold repetition}
    Game 978/1000: CCE_NEW wins  {Black mates}
    Game 984/1000: CCE_NEW wins  {Black mates}
    Game 980/1000: CCE_NEW wins  {Black mates}
    Game 983/1000: Draw  {Draw by 3-fold repetition}
    Game 988/1000: CCE_NEW wins  {Black mates}
    Game 982/1000: CCE_OLD wins  {White mates}
    Game 985/1000: CCE_NEW wins  {White mates}
    Game 987/1000: CCE_OLD wins  {Black mates}
    Game 989/1000: Draw  {Draw by 3-fold repetition}
    Game 990/1000: CCE_OLD wins  {White mates}
    Game 993/1000: CCE_NEW wins  {White mates}
    Game 997/1000: CCE_NEW wins  {White mates}
    Game 1000/1000: CCE_OLD wins  {White mates}
    Game 996/1000: CCE_NEW wins  {Black mates}
    Game 992/1000: CCE_OLD wins  {White mates}
    Game 991/1000: CCE_OLD wins  {Black mates}
    Game 994/1000: CCE_OLD wins  {White mates}
    Game 999/1000: CCE_NEW wins  {White mates}
    Game 998/1000: CCE_NEW wins  {Black mates}
    Game 995/1000: CCE_OLD wins  {Black mates}


┌──────────────────────────────────────────┐
│              RESULTS                     │
├──────────────────────────────────────────┤
│   : 354 - 350 - 296

Full log saved to: ./eloEstimatorLogs/elo_result_20260709_061719.log
