
┌──────────────────────────────────────────┐
│        CCE  Elo  Estimator               │
└──────────────────────────────────────────┘

[INFO]  Engine:       /home/zan/Documents/GitHub/CchessEngine---CCE/bin/engine
[INFO]  Stockfish:    stockfish
[INFO]  Time control: st=5
[INFO]  Games/match:  50
[INFO]  Search range: Elo 1000 – 3000
[INFO]  Log file:     ./eloEstimatorLogs/elo_result_20260703_203133.log

── Iteration 1 ──────────────────────────────────
[INFO]  Range: [1000 – 3000]  →  testing Elo 2000
[INFO]  Playing 50 games, please wait...
    Game 4/50: CCE wins  {Black mates}
    Game 2/50: SF2000 wins  {White mates}
    Game 3/50: CCE wins  {White mates}
    Game 7/50: CCE wins  {White mates}
    Game 8/50: SF2000 wins  {White mates}
    Game 5/50: SF2000 wins  {Black mates}
    Game 1/50: SF2000 wins  {Black mates}
    Game 6/50: SF2000 wins  {White mates}
    Game 10/50: CCE wins  {Black mates}
    Game 12/50: SF2000 wins  {White mates}
    Game 9/50: CCE wins  {White mates}
    Game 14/50: CCE wins  {Black mates}
    Game 13/50: CCE wins  {White mates}
    Game 15/50: CCE wins  {White mates}
    Game 17/50: CCE wins  {White mates}
    Game 11/50: CCE wins  {White mates}
    Game 16/50: CCE wins  {Black mates}
    Game 21/50: CCE wins  {White mates}
    Game 19/50: CCE wins  {White mates}
    Game 23/50: CCE wins  {White mates}
    Game 20/50: SF2000 wins  {White mates}
    Game 22/50: CCE wins  {Black mates}
    Game 24/50: CCE wins  {Black mates}
    Game 18/50: CCE wins  {Black mates}
    Game 29/50: CCE wins  {White mates}
    Game 27/50: CCE wins  {White mates}
    Game 25/50: CCE wins  {White mates}
    Game 30/50: SF2000 wins  {White mates}
    Game 31/50: CCE wins  {White mates}
    Game 26/50: SF2000 wins  {White mates}
    Game 34/50: SF2000 wins  {White mates}
    Game 32/50: CCE wins  {Black mates}
    Game 35/50: CCE wins  {White mates}
    Game 37/50: CCE wins  {White mates}
    Game 36/50: CCE wins  {Black mates}
    Game 38/50: SF2000 wins  {White mates}
    Game 28/50: SF2000 wins  {White mates}
    Game 33/50: SF2000 wins  {Black mates}
    Game 39/50: SF2000 wins  {Black mates}
    Game 43/50: CCE wins  {White mates}
    Game 42/50: SF2000 wins  {White mates}
    Game 40/50: CCE wins  {Black mates}
    Game 44/50: CCE wins  {Black mates}
    Game 41/50: SF2000 wins  {Black mates}
    Game 46/50: SF2000 wins  {White mates}
    Game 48/50: CCE wins  {Black mates}
    Game 45/50: SF2000 wins  {Black mates}
    Game 50/50: CCE wins  {Black mates}
    Game 47/50: SF2000 wins  {Black mates}
    Game 49/50: CCE wins  {White mates}
[ OK ]  CCE scored 62.0% → stronger than SF 2000 → raising floor

── Iteration 2 ──────────────────────────────────
[INFO]  Range: [2000 – 3000]  →  testing Elo 2500
[INFO]  Playing 50 games, please wait...

Interrupted — stopping...
