
┌──────────────────────────────────────────┐
│        CCE  Elo  Estimator               │
└──────────────────────────────────────────┘

[INFO]  Engine:       /home/zan/Documents/GitHub/CchessEngine---CCE/bin/engine
[INFO]  Engine:    /home/zan/Documents/GitHub/CchessEngine---CCE/bin/engine_old
[INFO]  Time control: st=1
[INFO]  Games/match:  100
[INFO]  Log file:     ./eloEstimatorLogs/elo_result_20260714_190015.log

    Game 5/100: Draw  {Draw by 3-fold repetition}
    Game 2/100: CCE_NEW wins  {Black mates}
    Game 7/100: Draw  {Draw by 3-fold repetition}
    Game 3/100: Draw  {Draw by 3-fold repetition}
    Game 1/100: Draw  {Draw by fifty moves rule}
    Game 6/100: CCE_NEW wins  {Black mates}
    Game 8/100: Draw  {Draw by 3-fold repetition}
    Game 4/100: CCE_NEW wins  {Black mates}
    Game 13/100: CCE_OLD wins  {Black mates}
    Game 12/100: Draw  {Draw by 3-fold repetition}
    Game 11/100: CCE_OLD wins  {Black mates}
    Game 10/100: CCE_OLD wins  {White mates}
    Game 9/100: CCE_NEW wins  {White mates}
    Game 16/100: CCE_OLD wins  {White mates}
    Game 14/100: Draw  {Draw by 3-fold repetition}
    Game 17/100: Draw  {Draw by 3-fold repetition}
    Game 18/100: CCE_OLD wins  {White mates}
    Game 15/100: CCE_NEW wins  {White mates}
    Game 19/100: Draw  {Draw by 3-fold repetition}
    Game 22/100: Draw  {Draw by 3-fold repetition}
    Game 20/100: CCE_OLD wins  {White mates}
    Game 21/100: Draw  {Draw by 3-fold repetition}
    Game 23/100: Draw  {Draw by 3-fold repetition}
    Game 25/100: CCE_OLD wins  {Black mates}
    Game 27/100: Draw  {Draw by 3-fold repetition}
    Game 24/100: Draw  {Draw by 3-fold repetition}
    Game 26/100: CCE_NEW wins  {Black mates}
    Game 29/100: CCE_NEW wins  {White mates}
    Game 28/100: CCE_OLD wins  {White mates}
    Game 30/100: CCE_OLD wins  {White mates}
    Game 32/100: CCE_OLD wins  {White mates}
    Game 35/100: CCE_NEW wins  {White mates}
    Game 31/100: CCE_NEW wins  {White mates}
    Game 33/100: CCE_NEW wins  {White mates}
    Game 34/100: CCE_OLD wins  {White mates}
    Game 36/100: CCE_NEW wins  {Black mates}
    Game 38/100: CCE_OLD wins  {White mates}
    Game 37/100: CCE_NEW wins  {White mates}
    Game 39/100: CCE_NEW wins  {White mates}

Interrupted — stopping...
    Game 40/100: * {No result}
