
┌──────────────────────────────────────────┐
│        CCE  Elo  Estimator               │
└──────────────────────────────────────────┘

[INFO]  Engine:       /home/zan/Documents/GitHub/CchessEngine---CCE/bin/engine
[INFO]  Stockfish:    stockfish
[INFO]  Time control: st=5
[INFO]  Games/match:  50
[INFO]  Search range: Elo 1000 – 3000
[INFO]  Log file:     ./eloEstimatorLogs/elo_result_20260702_065130.log

── Iteration 1 ──────────────────────────────────
[INFO]  Range: [1000 – 3000]  →  testing Elo 2000
[INFO]  Playing 50 games, please wait...
    Game 5/50: CCE wins  {White mates}
    Game 4/50: CCE wins  {Black mates}
    Game 2/50: CCE wins  {Black mates}
    Game 3/50: CCE wins  {White mates}
    Game 7/50: CCE wins  {White mates}
    Game 6/50: CCE wins  {Black mates}
    Game 8/50: CCE wins  {Black mates}
    Game 9/50: CCE wins  {White mates}
    Game 1/50: SF2000 wins  {Black mates}
    Game 10/50: CCE wins  {Black mates}
    Game 11/50: SF2000 wins  {Black mates}
    Game 12/50: CCE wins  {Black mates}
    Game 14/50: CCE wins  {Black mates}
    Game 13/50: CCE wins  {White mates}
    Game 19/50: CCE wins  {White mates}
    Game 18/50: CCE wins  {Black mates}
    Game 16/50: SF2000 wins  {White mates}
    Game 15/50: SF2000 wins  {Black mates}
    Game 20/50: CCE wins  {Black mates}
    Game 21/50: CCE wins  {White mates}
    Game 22/50: CCE wins  {Black mates}
    Game 17/50: CCE wins  {White mates}
    Game 23/50: CCE wins  {White mates}
    Game 24/50: SF2000 wins  {White mates}
    Game 26/50: SF2000 wins  {White mates}
    Game 29/50: CCE wins  {White mates}
    Game 27/50: CCE wins  {White mates}
    Game 25/50: CCE wins  {White mates}
    Game 30/50: CCE wins  {Black mates}
    Game 32/50: CCE wins  {Black mates}
    Game 33/50: CCE wins  {White mates}
    Game 28/50: CCE wins  {Black mates}
    Game 31/50: CCE wins  {White mates}
    Game 37/50: CCE wins  {White mates}
    Game 35/50: SF2000 wins  {Black mates}
    Game 36/50: CCE wins  {Black mates}
    Game 38/50: CCE wins  {Black mates}
    Game 39/50: SF2000 wins  {Black mates}
    Game 40/50: SF2000 wins  {White mates}
    Game 41/50: CCE wins  {White mates}
    Game 42/50: CCE wins  {Black mates}
    Game 43/50: CCE wins  {White mates}
    Game 34/50: CCE wins  {Black mates}
    Game 44/50: SF2000 wins  {White mates}
    Game 47/50: CCE wins  {White mates}
    Game 46/50: CCE wins  {Black mates}
    Game 45/50: Draw  {Draw by 3-fold repetition}
    Game 48/50: SF2000 wins  {White mates}
    Game 49/50: CCE wins  {White mates}
    Game 50/50: SF2000 wins  {White mates}
[ OK ]  CCE scored 75.0% → stronger than SF 2000 → raising floor

── Iteration 2 ──────────────────────────────────
[INFO]  Range: [2000 – 3000]  →  testing Elo 2500
[INFO]  Playing 50 games, please wait...
    Game 1/50: CCE wins  {White mates}
    Game 4/50: SF2500 wins  {White mates}
    Game 2/50: SF2500 wins  {White mates}
    Game 5/50: SF2500 wins  {Black mates}
    Game 3/50: CCE wins  {White mates}
    Game 9/50: CCE wins  {White mates}
    Game 8/50: CCE wins  {Black mates}
    Game 6/50: SF2500 wins  {White mates}
    Game 10/50: SF2500 wins  {White mates}
    Game 11/50: CCE wins  {White mates}
    Game 7/50: SF2500 wins  {Black mates}
    Game 13/50: CCE wins  {White mates}
    Game 12/50: SF2500 wins  {White mates}
    Game 15/50: CCE wins  {White mates}
    Game 14/50: SF2500 wins  {White mates}
    Game 18/50: CCE wins  {Black mates}
    Game 19/50: SF2500 wins  {Black mates}
    Game 17/50: SF2500 wins  {Black mates}
    Game 20/50: SF2500 wins  {White mates}
    Game 22/50: SF2500 wins  {White mates}
    Game 24/50: SF2500 wins  {White mates}
    Game 16/50: SF2500 wins  {White mates}
    Game 26/50: SF2500 wins  {White mates}
    Game 25/50: CCE wins  {White mates}
    Game 21/50: SF2500 wins  {Black mates}
    Game 23/50: SF2500 wins  {Black mates}
    Game 28/50: SF2500 wins  {White mates}
    Game 32/50: SF2500 wins  {White mates}
    Game 30/50: CCE wins  {Black mates}
    Game 31/50: CCE wins  {White mates}
    Game 33/50: SF2500 wins  {Black mates}
    Game 27/50: SF2500 wins  {Black mates}
    Game 29/50: SF2500 wins  {Black mates}
    Game 35/50: Draw  {Draw by 3-fold repetition}
    Game 34/50: SF2500 wins  {White mates}
    Game 36/50: SF2500 wins  {White mates}
    Game 38/50: SF2500 wins  {White mates}
    Game 40/50: SF2500 wins  {White mates}
    Game 37/50: SF2500 wins  {Black mates}
    Game 39/50: CCE wins  {White mates}
    Game 44/50: CCE wins  {Black mates}
    Game 45/50: Draw  {Draw by 3-fold repetition}
    Game 46/50: Draw  {Draw by 3-fold repetition}
    Game 43/50: SF2500 wins  {Black mates}
    Game 42/50: SF2500 wins  {White mates}
    Game 48/50: SF2500 wins  {White mates}
    Game 41/50: Draw  {Draw by fifty moves rule}
    Game 49/50: CCE wins  {White mates}
    Game 50/50: CCE wins  {Black mates}
    Game 47/50: SF2500 wins  {Black mates}
[WARN]  CCE scored 34.0% → weaker than SF 2500   → lowering ceiling

── Iteration 3 ──────────────────────────────────
[INFO]  Range: [2000 – 2500]  →  testing Elo 2250
[INFO]  Playing 50 games, please wait...
    Game 4/50: CCE wins  {Black mates}
    Game 2/50: Draw  {Draw by 3-fold repetition}
    Game 5/50: CCE wins  {White mates}
    Game 3/50: CCE wins  {White mates}
    Game 1/50: SF2250 wins  {Black mates}
    Game 6/50: CCE wins  {Black mates}
    Game 7/50: CCE wins  {White mates}
    Game 10/50: CCE wins  {Black mates}
    Game 8/50: SF2250 wins  {White mates}
    Game 9/50: SF2250 wins  {Black mates}
    Game 13/50: SF2250 wins  {Black mates}
    Game 12/50: SF2250 wins  {White mates}
    Game 14/50: SF2250 wins  {White mates}
    Game 16/50: CCE wins  {Black mates}
    Game 15/50: CCE wins  {White mates}
    Game 17/50: CCE wins  {White mates}
    Game 18/50: SF2250 wins  {White mates}
    Game 19/50: CCE wins  {White mates}
    Game 11/50: CCE wins  {White mates}
    Game 21/50: Draw  {Draw by 3-fold repetition}
    Game 23/50: CCE wins  {White mates}
    Game 22/50: CCE wins  {Black mates}
    Game 24/50: SF2250 wins  {White mates}
    Game 26/50: SF2250 wins  {White mates}
    Game 29/50: CCE wins  {White mates}
    Game 25/50: CCE wins  {White mates}
    Game 20/50: CCE wins  {Black mates}
    Game 27/50: CCE wins  {White mates}
    Game 30/50: CCE wins  {Black mates}
    Game 28/50: SF2250 wins  {White mates}
    Game 31/50: CCE wins  {White mates}
    Game 33/50: CCE wins  {White mates}
    Game 34/50: SF2250 wins  {White mates}
    Game 35/50: SF2250 wins  {Black mates}
    Game 36/50: SF2250 wins  {White mates}
    Game 37/50: SF2250 wins  {Black mates}
    Game 39/50: CCE wins  {White mates}
    Game 40/50: SF2250 wins  {White mates}
    Game 32/50: Draw  {Draw by fifty moves rule}
    Game 38/50: SF2250 wins  {White mates}
    Game 41/50: SF2250 wins  {Black mates}
    Game 42/50: CCE wins  {Black mates}
    Game 45/50: SF2250 wins  {Black mates}
    Game 43/50: SF2250 wins  {Black mates}
    Game 44/50: CCE wins  {Black mates}
    Game 46/50: CCE wins  {Black mates}
    Game 47/50: CCE wins  {White mates}
    Game 48/50: CCE wins  {Black mates}
    Game 50/50: CCE wins  {Black mates}
    Game 49/50: CCE wins  {White mates}
[ OK ]  CCE scored 59.0% → stronger than SF 2250 → raising floor

── Iteration 4 ──────────────────────────────────
[INFO]  Range: [2250 – 2500]  →  testing Elo 2375
[INFO]  Playing 50 games, please wait...
    Game 1/50: CCE wins  {White mates}
    Game 5/50: CCE wins  {White mates}
    Game 3/50: CCE wins  {White mates}
    Game 6/50: CCE wins  {Black mates}
    Game 7/50: CCE wins  {White mates}
    Game 2/50: SF2375 wins  {White mates}
    Game 9/50: SF2375 wins  {Black mates}
    Game 4/50: SF2375 wins  {White mates}
    Game 8/50: SF2375 wins  {White mates}
    Game 10/50: Draw  {Draw by 3-fold repetition}
    Game 11/50: SF2375 wins  {Black mates}
    Game 12/50: CCE wins  {Black mates}
    Game 15/50: SF2375 wins  {Black mates}
    Game 13/50: SF2375 wins  {Black mates}
    Game 17/50: CCE wins  {White mates}
    Game 19/50: CCE wins  {White mates}
    Game 16/50: SF2375 wins  {White mates}
    Game 20/50: CCE wins  {Black mates}
    Game 18/50: CCE wins  {Black mates}
    Game 23/50: CCE wins  {White mates}
    Game 22/50: CCE wins  {Black mates}
    Game 21/50: SF2375 wins  {Black mates}
    Game 14/50: SF2375 wins  {White mates}
    Game 26/50: SF2375 wins  {White mates}
    Game 28/50: CCE wins  {Black mates}
    Game 27/50: SF2375 wins  {Black mates}
    Game 25/50: SF2375 wins  {Black mates}
    Game 32/50: CCE wins  {Black mates}
    Game 24/50: SF2375 wins  {White mates}
    Game 30/50: CCE wins  {Black mates}
    Game 29/50: SF2375 wins  {Black mates}
    Game 35/50: CCE wins  {White mates}
    Game 33/50: SF2375 wins  {Black mates}
    Game 31/50: SF2375 wins  {Black mates}
    Game 34/50: SF2375 wins  {White mates}
    Game 36/50: CCE wins  {Black mates}
    Game 37/50: CCE wins  {White mates}
    Game 39/50: CCE wins  {White mates}
    Game 41/50: SF2375 wins  {Black mates}
    Game 40/50: CCE wins  {Black mates}
    Game 38/50: Draw  {Draw by 3-fold repetition}
    Game 42/50: SF2375 wins  {White mates}
    Game 46/50: CCE wins  {Black mates}
    Game 43/50: CCE wins  {White mates}
    Game 45/50: CCE wins  {White mates}
    Game 47/50: SF2375 wins  {Black mates}
    Game 44/50: SF2375 wins  {White mates}
    Game 48/50: CCE wins  {Black mates}
    Game 49/50: CCE wins  {White mates}
    Game 50/50: SF2375 wins  {White mates}
[ OK ]  CCE scored 52.0% → within target range (45–55%) → converged!

┌──────────────────────────────────────────┐
│              RESULTS                     │
├──────────────────────────────────────────┤
│  SF 2000 : 37 - 12 - 1  [75.0%]
│  SF 2500 : 15 - 31 - 4  [34.0%]
│  SF 2250 : 28 - 19 - 3  [59.0%]
│  SF 2375 : 25 - 23 - 2  [52.0%]
├──────────────────────────────────────────┤
│  Estimated CCE Elo:  ~2375
│  Final range:        [2250 – 2500]
│  Total iterations:   4
│  Total games:        200
└──────────────────────────────────────────┘

Full log saved to: ./eloEstimatorLogs/elo_result_20260702_065130.log
